[2026-07-22 13:32:03] [INFO]: 🚀 Production Live Classroom Backend running on port 5000 
[2026-07-22 13:32:03] [INFO]: Environment: development 
[2026-07-22 13:32:28] [INFO]: 🚀 Production Live Classroom Backend running on port 5000 
[2026-07-22 13:32:28] [INFO]: Environment: development 
[2026-07-22 13:33:55] [INFO]: 🚀 Production Live Classroom Backend running on port 5000 
[2026-07-22 13:33:55] [INFO]: Environment: development 
[2026-07-22 13:34:08] [INFO]: Classroom marked LIVE by Admin 
[2026-07-22 13:34:08] [INFO]: REST API: Class started by Admin 
[2026-07-22 13:38:10] [INFO]: 🚀 Production Live Classroom Backend running on port 5000 
[2026-07-22 13:38:10] [INFO]: Environment: development 
[2026-07-22 13:38:54] [INFO]: 🚀 Production Live Classroom Backend running on port 5000 
[2026-07-22 13:38:54] [INFO]: Environment: development 
[2026-07-22 13:42:52] [INFO]: New Socket.IO Connection: 4YvzDNCLYN1wx6-_AAAB 
[2026-07-22 13:42:52] [INFO]: Participant joined: admin (admin) [Socket: 4YvzDNCLYN1wx6-_AAAB] 
[2026-07-22 13:45:49] [INFO]: 🚀 Production Live Classroom Backend running on port 5000 
[2026-07-22 13:45:49] [INFO]: Environment: development 
[2026-07-22 13:47:38] [INFO]: 🚀 Production Live Classroom Backend running on port 5000 
[2026-07-22 13:47:38] [INFO]: Environment: development 
[2026-07-22 14:30:45] [INFO]: 🚀 Production Live Classroom Backend running on port 5000 
[2026-07-22 14:30:45] [INFO]: Environment: development 
[2026-07-22 14:30:49] [INFO]: 🚀 Production Live Classroom Backend running on port 5000 
[2026-07-22 14:30:49] [INFO]: Environment: development 
[2026-07-22 14:30:52] [INFO]: 🚀 Production Live Classroom Backend running on port 5000 
[2026-07-22 14:30:52] [INFO]: Environment: development 
[2026-07-22 14:30:56] [INFO]: 🚀 Production Live Classroom Backend running on port 5000 
[2026-07-22 14:30:56] [INFO]: Environment: development 
[2026-07-22 14:41:39] [INFO]: 🚀 Production Live Classroom Backend running on port 5000 
[2026-07-22 14:41:39] [INFO]: Environment: development 
[2026-07-22 14:41:41] [INFO]: 🚀 Production Live Classroom Backend running on port 5000 
[2026-07-22 14:41:41] [INFO]: Environment: development 
[2026-07-22 14:41:56] [INFO]: 🚀 Production Live Classroom Backend running on port 5000 
[2026-07-22 14:41:56] [INFO]: Environment: development 
[2026-07-22 14:53:47] [INFO]: 🚀 Production Live Classroom Backend running on port 5000 
[2026-07-22 14:53:47] [INFO]: Environment: development 
[2026-07-22 14:56:36] [INFO]: 🚀 Production Live Classroom Backend running on port 5000 
[2026-07-22 14:56:36] [INFO]: Environment: development 
[2026-07-22 14:56:50] [INFO]: 🚀 Production Live Classroom Backend running on port 5000 
[2026-07-22 14:56:50] [INFO]: Environment: development 
[2026-07-22 15:06:29] [INFO]: 🚀 Production Live Classroom Backend running on port 5000 
[2026-07-22 15:06:29] [INFO]: Environment: development 
[2026-07-22 15:06:43] [INFO]: 🚀 Production Live Classroom Backend running on port 5000 
[2026-07-22 15:06:43] [INFO]: Environment: development 
[2026-07-22 15:16:19] [INFO]: 🚀 Production Live Classroom Backend running on port 5000 
[2026-07-22 15:16:19] [INFO]: Environment: development 
[2026-07-22 15:16:34] [INFO]: 🚀 Production Live Classroom Backend running on port 5000 
[2026-07-22 15:16:34] [INFO]: Environment: development 
